0 info it worked if it ends with ok
1 verbose cli [ 'c:\\Program Files\\nodejs\\node.exe',
1 verbose cli   'c:\\Program Files\\nodejs\\node_modules\\npm\\bin\\npm-cli.js',
1 verbose cli   'install',
1 verbose cli   'config-passport' ]
2 info using npm@2.7.4
3 info using node@v0.12.2
4 warn package.json foodees_project@1.0.0 No description
5 warn package.json foodees_project@1.0.0 No repository field.
6 warn package.json foodees_project@1.0.0 No README data
7 warn package.json logger@0.0.1 No repository field.
8 silly cache add args [ 'config-passport', null ]
9 verbose cache add spec config-passport
10 silly cache add parsed spec { raw: 'config-passport',
10 silly cache add   scope: null,
10 silly cache add   name: 'config-passport',
10 silly cache add   rawSpec: '',
10 silly cache add   spec: '*',
10 silly cache add   type: 'range' }
11 verbose addNamed config-passport@*
12 silly addNamed semver.valid null
13 silly addNamed semver.validRange *
14 silly addNameRange { name: 'config-passport', range: '*', hasData: false }
15 silly mapToRegistry name config-passport
16 silly mapToRegistry using default registry
17 silly mapToRegistry registry https://registry.npmjs.org/
18 silly mapToRegistry uri https://registry.npmjs.org/config-passport
19 verbose addNameRange registry:https://registry.npmjs.org/config-passport not in flight; fetching
20 verbose request uri https://registry.npmjs.org/config-passport
21 verbose request no auth needed
22 info attempt registry request try #1 at 3:19:43 PM
23 verbose request id 115d3803d6f1b94f
24 http request GET https://registry.npmjs.org/config-passport
25 http 404 https://registry.npmjs.org/config-passport
26 verbose headers { 'content-type': 'application/json',
26 verbose headers   'cache-control': 'max-age=0',
26 verbose headers   'content-length': '2',
26 verbose headers   'accept-ranges': 'bytes',
26 verbose headers   date: 'Wed, 09 Dec 2015 09:49:45 GMT',
26 verbose headers   via: '1.1 varnish',
26 verbose headers   age: '0',
26 verbose headers   connection: 'keep-alive',
26 verbose headers   'x-served-by': 'cache-sin6922-SIN',
26 verbose headers   'x-cache': 'MISS',
26 verbose headers   'x-cache-hits': '0',
26 verbose headers   'x-timer': 'S1449654583.918064,VS0,VE1629' }
27 silly get cb [ 404,
27 silly get   { 'content-type': 'application/json',
27 silly get     'cache-control': 'max-age=0',
27 silly get     'content-length': '2',
27 silly get     'accept-ranges': 'bytes',
27 silly get     date: 'Wed, 09 Dec 2015 09:49:45 GMT',
27 silly get     via: '1.1 varnish',
27 silly get     age: '0',
27 silly get     connection: 'keep-alive',
27 silly get     'x-served-by': 'cache-sin6922-SIN',
27 silly get     'x-cache': 'MISS',
27 silly get     'x-cache-hits': '0',
27 silly get     'x-timer': 'S1449654583.918064,VS0,VE1629' } ]
28 verbose stack Error: Registry returned 404 for GET on https://registry.npmjs.org/config-passport
28 verbose stack     at CachingRegistryClient.<anonymous> (c:\Program Files\nodejs\node_modules\npm\node_modules\npm-registry-client\lib\request.js:239:14)
28 verbose stack     at Request._callback (c:\Program Files\nodejs\node_modules\npm\node_modules\npm-registry-client\lib\request.js:170:14)
28 verbose stack     at Request.self.callback (c:\Program Files\nodejs\node_modules\npm\node_modules\request\request.js:344:22)
28 verbose stack     at Request.emit (events.js:110:17)
28 verbose stack     at Request.<anonymous> (c:\Program Files\nodejs\node_modules\npm\node_modules\request\request.js:1239:14)
28 verbose stack     at Request.emit (events.js:129:20)
28 verbose stack     at IncomingMessage.<anonymous> (c:\Program Files\nodejs\node_modules\npm\node_modules\request\request.js:1187:12)
28 verbose stack     at IncomingMessage.emit (events.js:129:20)
28 verbose stack     at _stream_readable.js:908:16
28 verbose stack     at process._tickCallback (node.js:355:11)
29 verbose statusCode 404
30 verbose pkgid config-passport
31 verbose cwd c:\intern1\Angular\student\app
32 error Windows_NT 6.3.9600
33 error argv "c:\\Program Files\\nodejs\\node.exe" "c:\\Program Files\\nodejs\\node_modules\\npm\\bin\\npm-cli.js" "install" "config-passport"
34 error node v0.12.2
35 error npm  v2.7.4
36 error code E404
37 error 404 Registry returned 404 for GET on https://registry.npmjs.org/config-passport
37 error 404
37 error 404 'config-passport' is not in the npm registry.
37 error 404 You should bug the author to publish it (or use the name yourself!)
37 error 404 It was specified as a dependency of 'foodees_project'
37 error 404
37 error 404 Note that you can also install from a
37 error 404 tarball, folder, http url, or git url.
38 verbose exit [ 1, true ]
